#
# A fatal error has been detected by the Java Runtime Environment:
#
#  SIGSEGV (0xb) at pc=0xb6f585b3, pid=4108, tid=2329549680
#
# JRE version: 6.0_22-b22
# Java VM: OpenJDK Server VM (20.0-b11 mixed mode linux-x86 )
# Derivative: IcedTea6 1.10.2
# Distribution: Ubuntu 11.04, package 6b22-1.10.2-0ubuntu1~11.04.1
# Problematic frame:
# V  [libjvm.so+0x4955b3]  PhaseIdealLoop::build_loop_late_post(Node*)+0x143
#
# If you would like to submit a bug report, please include
# instructions how to reproduce the bug and visit:
#   https://bugs.launchpad.net/ubuntu/+source/openjdk-6/
#

---------------  T H R E A D  ---------------

Current thread (0x0a10cc00):  JavaThread "C2 CompilerThread0" daemon [_thread_in_native, id=4122, stack(0x8ad21000,0x8ada2000)]

siginfo:si_signo=SIGSEGV: si_errno=0, si_code=1 (SEGV_MAPERR), si_addr=0x00000004

Registers:
EAX=0x00000000, EBX=0xb71ceff4, ECX=0x00001300, EDX=0x8962a3d8
ESP=0x8ad9f990, EBP=0x8ad9f9d8, ESI=0x8ada026c, EDI=0x8962a3d8
EIP=0xb6f585b3, EFLAGS=0x00210216, CR2=0x00000004

Top of Stack: (sp=0x8ad9f990)
0x8ad9f990:   00000400 b770db2b b71ceff4 00002000
0x8ad9f9a0:   8a47de18 00000000 00000400 8ada027c
0x8ad9f9b0:   8aaf71a4 0050a338 8a59c0ac 00001343
0x8ad9f9c0:   0a107888 88b44990 88b449a0 b71ceff4
0x8ad9f9d0:   8b1ed9c4 8a5a0a34 8ad9fa58 b6f58c0c
0x8ad9f9e0:   8ada026c 8b1ed9c4 8a068058 8a068058
0x8ad9f9f0:   88b3c990 00000000 00007ff0 00000002
0x8ad9fa00:   00000008 0a107888 8ad9fa38 00000004 

Instructions: (pc=0xb6f585b3)
0xb6f58593:   00 00 3b 45 d8 0f 84 25 04 00 00 8b 50 1c 89 45
0xb6f585a3:   e0 8d 74 26 00 8b be d0 02 00 00 8d 14 97 8b 02
0xb6f585b3:   8b 48 04 8b 09 85 c9 75 1f 8b 7e 14 90 8b 48 1c
0xb6f585c3:   31 c0 39 f9 73 09 8b 46 18 8b 04 88 83 e0 fe 8b 

Register to memory mapping:

EAX=0x00000000 is an unknown value
EBX=0xb71ceff4: <offset 0x70bff4> in /usr/lib/jvm/java-6-openjdk/jre/lib/i386/server/libjvm.so at 0xb6ac3000
ECX=0x00001300 is an unknown value
EDX=0x8962a3d8 is an unknown value
ESP=0x8ad9f990 is pointing into the stack for thread: 0x0a10cc00
EBP=0x8ad9f9d8 is pointing into the stack for thread: 0x0a10cc00
ESI=0x8ada026c is pointing into the stack for thread: 0x0a10cc00
EDI=0x8962a3d8 is an unknown value


Stack: [0x8ad21000,0x8ada2000],  sp=0x8ad9f990,  free space=506k
Native frames: (J=compiled Java code, j=interpreted, Vv=VM code, C=native code)
V  [libjvm.so+0x4955b3]  PhaseIdealLoop::build_loop_late_post(Node*)+0x143
V  [libjvm.so+0x495c0c]  PhaseIdealLoop::build_loop_late(VectorSet&, Node_List&, Node_Stack&)+0xfc
V  [libjvm.so+0x49652b]  PhaseIdealLoop::build_and_optimize(bool, bool)+0x72b
V  [libjvm.so+0x25ef55]  Compile::Optimize()+0xc35
V  [libjvm.so+0x25fb63]  Compile::Compile(ciEnv*, C2Compiler*, ciMethod*, int, bool, bool)+0xa73
V  [libjvm.so+0x1ecedb]  C2Compiler::compile_method(ciEnv*, ciMethod*, int)+0x7b
V  [libjvm.so+0x2644b6]  CompileBroker::invoke_compiler_on_method(CompileTask*)+0x2b6
V  [libjvm.so+0x264d5f]  CompileBroker::compiler_thread_loop()+0x3ef
V  [libjvm.so+0x6133b8]  compiler_thread_entry(JavaThread*, Thread*)+0x18
V  [libjvm.so+0x61ab1c]  JavaThread::thread_main_inner()+0x6c
V  [libjvm.so+0x61abf9]  JavaThread::run()+0xc9
V  [libjvm.so+0x520a51]  java_start(Thread*)+0x121
C  [libpthread.so.0+0x5e99]  start_thread+0xd9


Current CompileTask:
C2: 160605 780      jregex.Pretokenizer.next()V (1064 bytes)


---------------  P R O C E S S  ---------------

Java Threads: ( => current thread )
  0x0a16b000 JavaThread "net.sf.ehcache.CacheManager@1967db7" daemon [_thread_blocked, id=4190, stack(0x8a60d000,0x8a65e000)]
  0x0a22dc00 JavaThread "pool-2-thread-5" [_thread_blocked, id=4179, stack(0x8a6af000,0x8a700000)]
  0x0a7bfc00 JavaThread "New I/O server worker #1-4" [_thread_in_native, id=4141, stack(0x89a0d000,0x89a5e000)]
  0x0a7c7000 JavaThread "pool-2-thread-3" [_thread_blocked, id=4140, stack(0x89a5e000,0x89aaf000)]
  0x0a2b8c00 JavaThread "com.mchange.v2.async.ThreadPoolAsynchronousRunner$PoolThread-#2" daemon [_thread_blocked, id=4134, stack(0x89aaf000,0x89b00000)]
  0x0a1cb000 JavaThread "com.mchange.v2.async.ThreadPoolAsynchronousRunner$PoolThread-#1" daemon [_thread_blocked, id=4133, stack(0x8a20d000,0x8a25e000)]
  0x0a894c00 JavaThread "com.mchange.v2.async.ThreadPoolAsynchronousRunner$PoolThread-#0" daemon [_thread_blocked, id=4132, stack(0x8a25e000,0x8a2af000)]
  0x0a7fec00 JavaThread "Timer-0" daemon [_thread_blocked, id=4131, stack(0x8a2af000,0x8a300000)]
  0x8a53e800 JavaThread "play-thread-1" [_thread_in_vm, id=4129, stack(0x8a65e000,0x8a6af000)]
  0x0a40c800 JavaThread "New I/O server worker #1-3" [_thread_in_native, id=4127, stack(0x8a800000,0x8a851000)]
  0x0a046c00 JavaThread "DestroyJavaVM" [_thread_blocked, id=4109, stack(0xb6945000,0xb6996000)]
  0x0a4a1000 JavaThread "New I/O server boss #1 ([id: 0x00bc5596, /0:0:0:0:0:0:0:0:9000])" [_thread_in_native, id=4126, stack(0x8a886000,0x8a8d7000)]
  0x0a112400 JavaThread "Low Memory Detector" daemon [_thread_blocked, id=4124, stack(0x8ac4f000,0x8aca0000)]
  0x0a10ec00 JavaThread "C2 CompilerThread1" daemon [_thread_in_native, id=4123, stack(0x8aca0000,0x8ad21000)]
=>0x0a10cc00 JavaThread "C2 CompilerThread0" daemon [_thread_in_native, id=4122, stack(0x8ad21000,0x8ada2000)]
  0x0a106000 JavaThread "JDWP Event Helper Thread" daemon [_thread_blocked, id=4121, stack(0x8ada2000,0x8adf3000)]
  0x0a103800 JavaThread "JDWP Transport Listener: dt_socket" daemon [_thread_in_native, id=4120, stack(0x8adf3000,0x8ae44000)]
  0x0a0e3000 JavaThread "Signal Dispatcher" daemon [_thread_blocked, id=4119, stack(0x8b20e000,0x8b25f000)]
  0x0a0d0c00 JavaThread "Finalizer" daemon [_thread_blocked, id=4118, stack(0x8ae4d000,0x8ae9e000)]
  0x0a0cf400 JavaThread "Reference Handler" daemon [_thread_blocked, id=4117, stack(0x8ae9e000,0x8aeef000)]

Other Threads:
  0x0a0cb800 VMThread [stack: 0x8aeef000,0x8af70000] [id=4116]
  0x0a114000 WatcherThread [stack: 0x8abce000,0x8ac4f000] [id=4125]

VM state:not at safepoint (normal execution)

VM Mutex/Monitor currently owned by a thread:  ([mutex/lock_event])
[0x0a0441e0] Patching_lock - owner thread: 0x8a53e800
[0x0a044fb0] CompiledIC_lock - owner thread: 0x8a53e800

Heap
 PSYoungGen      total 46272K, used 34084K [0xa8b20000, 0xac0d0000, 0xb35c0000)
  eden space 44864K, 72% used [0xa8b20000,0xaab10368,0xab6f0000)
  from space 1408K, 97% used [0xabf70000,0xac0c8e00,0xac0d0000)
  to   space 3328K, 0% used [0xaba50000,0xaba50000,0xabd90000)
 PSOldGen        total 21504K, used 15554K [0x935c0000, 0x94ac0000, 0xa8b20000)
  object space 21504K, 72% used [0x935c0000,0x944f0b60,0x94ac0000)
 PSPermGen       total 35328K, used 35210K [0x8b5c0000, 0x8d840000, 0x935c0000)
  object space 35328K, 99% used [0x8b5c0000,0x8d822880,0x8d840000)

Code Cache  [0xb3688000, 0xb3ad8000, 0xb6688000)
 total_blobs=1147 nmethods=758 adapters=350 free_code_cache=45884800 largest_free_block=16640

Dynamic libraries:
08048000-08051000 r-xp 00000000 08:15 419813     /usr/lib/jvm/java-6-openjdk/jre/bin/java
08051000-08052000 r-xp 00008000 08:15 419813     /usr/lib/jvm/java-6-openjdk/jre/bin/java
08052000-08053000 rwxp 00009000 08:15 419813     /usr/lib/jvm/java-6-openjdk/jre/bin/java
0a03b000-0a9b2000 rwxp 00000000 00:00 0          [heap]
86c00000-86dff000 rwxp 00000000 00:00 0 
86dff000-86e00000 ---p 00000000 00:00 0 
86e00000-86ee0000 rwxp 00000000 00:00 0 
86ee0000-86f00000 ---p 00000000 00:00 0 
87200000-873ed000 rwxp 00000000 00:00 0 
873ed000-87400000 ---p 00000000 00:00 0 
87400000-87600000 rwxp 00000000 00:00 0 
87600000-87800000 rwxp 00000000 00:00 0 
87800000-878fe000 rwxp 00000000 00:00 0 
878fe000-87900000 ---p 00000000 00:00 0 
87b00000-87cfb000 rwxp 00000000 00:00 0 
87cfb000-87d00000 ---p 00000000 00:00 0 
87d00000-87f00000 rwxp 00000000 00:00 0 
87f00000-880f9000 rwxp 00000000 00:00 0 
880f9000-88100000 ---p 00000000 00:00 0 
88100000-881fb000 rwxp 00000000 00:00 0 
881fb000-88200000 ---p 00000000 00:00 0 
88200000-882fb000 rwxp 00000000 00:00 0 
882fb000-88300000 ---p 00000000 00:00 0 
88300000-884eb000 rwxp 00000000 00:00 0 
884eb000-88500000 ---p 00000000 00:00 0 
88500000-885e7000 rwxp 00000000 00:00 0 
885e7000-88600000 ---p 00000000 00:00 0 
88600000-886fc000 rwxp 00000000 00:00 0 
886fc000-88700000 ---p 00000000 00:00 0 
88700000-887f1000 rwxp 00000000 00:00 0 
887f1000-88800000 ---p 00000000 00:00 0 
88900000-889f3000 rwxp 00000000 00:00 0 
889f3000-88a00000 ---p 00000000 00:00 0 
88b00000-88bfa000 rwxp 00000000 00:00 0 
88bfa000-88c00000 ---p 00000000 00:00 0 
88d00000-88dfc000 rwxp 00000000 00:00 0 
88dfc000-88e00000 ---p 00000000 00:00 0 
88e00000-88efe000 rwxp 00000000 00:00 0 
88efe000-88f00000 ---p 00000000 00:00 0 
88f00000-88fe0000 rwxp 00000000 00:00 0 
88fe0000-89000000 ---p 00000000 00:00 0 
89200000-89400000 rwxp 00000000 00:00 0 
89400000-894ff000 rwxp 00000000 00:00 0 
894ff000-89500000 ---p 00000000 00:00 0 
89500000-895fc000 rwxp 00000000 00:00 0 
895fc000-89600000 ---p 00000000 00:00 0 
89600000-896f9000 rwxp 00000000 00:00 0 
896f9000-89700000 ---p 00000000 00:00 0 
89700000-89800000 rwxp 00000000 00:00 0 
89800000-89900000 rwxp 00000000 00:00 0 
89a0d000-89a10000 ---p 00000000 00:00 0 
89a10000-89a5e000 rwxp 00000000 00:00 0 
89a5e000-89a61000 ---p 00000000 00:00 0 
89a61000-89aaf000 rwxp 00000000 00:00 0 
89aaf000-89ab2000 ---p 00000000 00:00 0 
89ab2000-89b00000 rwxp 00000000 00:00 0 
89b00000-89cfc000 rwxp 00000000 00:00 0 
89cfc000-89d00000 ---p 00000000 00:00 0 
89d00000-89df9000 rwxp 00000000 00:00 0 
89df9000-89e00000 ---p 00000000 00:00 0 
89e00000-89efa000 rwxp 00000000 00:00 0 
89efa000-89f00000 ---p 00000000 00:00 0 
89f00000-89fec000 rwxp 00000000 00:00 0 
89fec000-8a000000 ---p 00000000 00:00 0 
8a000000-8a0ff000 rwxp 00000000 00:00 0 
8a0ff000-8a100000 ---p 00000000 00:00 0 
8a100000-8a1f7000 rwxp 00000000 00:00 0 
8a1f7000-8a200000 ---p 00000000 00:00 0 
8a20d000-8a210000 ---p 00000000 00:00 0 
8a210000-8a25e000 rwxp 00000000 00:00 0 
8a25e000-8a261000 ---p 00000000 00:00 0 
8a261000-8a2af000 rwxp 00000000 00:00 0 
8a2af000-8a2b2000 ---p 00000000 00:00 0 
8a2b2000-8a300000 rwxp 00000000 00:00 0 
8a300000-8a3f0000 rwxp 00000000 00:00 0 
8a3f0000-8a400000 ---p 00000000 00:00 0 
8a400000-8a4ff000 rwxp 00000000 00:00 0 
8a4ff000-8a500000 ---p 00000000 00:00 0 
8a500000-8a600000 rwxp 00000000 00:00 0 
8a60d000-8a610000 ---p 00000000 00:00 0 
8a610000-8a65e000 rwxp 00000000 00:00 0 
8a65e000-8a661000 ---p 00000000 00:00 0 
8a661000-8a6af000 rwxp 00000000 00:00 0 
8a6af000-8a6b2000 ---p 00000000 00:00 0 
8a6b2000-8a700000 rwxp 00000000 00:00 0 
8a700000-8a7f4000 rwxp 00000000 00:00 0 
8a7f4000-8a800000 ---p 00000000 00:00 0 
8a800000-8a803000 ---p 00000000 00:00 0 
8a803000-8a851000 rwxp 00000000 00:00 0 
8a851000-8a858000 r-xp 00000000 08:15 419848     /usr/lib/jvm/java-6-openjdk/jre/lib/i386/libnio.so
8a858000-8a859000 r-xp 00006000 08:15 419848     /usr/lib/jvm/java-6-openjdk/jre/lib/i386/libnio.so
8a859000-8a85a000 rwxp 00007000 08:15 419848     /usr/lib/jvm/java-6-openjdk/jre/lib/i386/libnio.so
8a879000-8a87c000 r-xs 00031000 08:15 403614     /usr/lib/jvm/java-6-openjdk/jre/lib/ext/sunjce_provider.jar
8a87c000-8a87e000 r-xs 00013000 08:15 402858     /usr/lib/jvm/java-6-openjdk/jre/lib/jce.jar
8a87e000-8a884000 r-xp 00000000 08:15 419875     /usr/lib/jvm/java-6-openjdk/jre/lib/i386/libmanagement.so
8a884000-8a885000 r-xp 00005000 08:15 419875     /usr/lib/jvm/java-6-openjdk/jre/lib/i386/libmanagement.so
8a885000-8a886000 rwxp 00006000 08:15 419875     /usr/lib/jvm/java-6-openjdk/jre/lib/i386/libmanagement.so
8a886000-8a889000 ---p 00000000 00:00 0 
8a889000-8a8d7000 rwxp 00000000 00:00 0 
8a8d7000-8a8ea000 r-xp 00000000 08:15 419880     /usr/lib/jvm/java-6-openjdk/jre/lib/i386/libnet.so
8a8ea000-8a8eb000 r-xp 00013000 08:15 419880     /usr/lib/jvm/java-6-openjdk/jre/lib/i386/libnet.so
8a8eb000-8a8ec000 rwxp 00014000 08:15 419880     /usr/lib/jvm/java-6-openjdk/jre/lib/i386/libnet.so
8a8ec000-8a8f1000 r-xs 00014000 08:15 1459647    /home/david/usr/play-1.2.2/framework/lib/hibernate-jpa-2.0-api-1.0.0.Final.jar
8a8f1000-8a8f6000 r-xs 00048000 08:15 1459633    /home/david/usr/play-1.2.2/framework/lib/dom4j-1.6.1.jar
8a8f6000-8a91f000 r-xs 00403000 08:15 1459668    /home/david/usr/play-1.2.2/framework/lib/org.eclipse.jdt.core-3.6.0.jar
8a91f000-8a928000 r-xs 0005d000 08:15 1459645    /home/david/usr/play-1.2.2/framework/lib/hibernate-entitymanager-3.6.0.Final.jar
8a928000-8a92d000 r-xs 00020000 08:15 1459653    /home/david/usr/play-1.2.2/framework/lib/jj-imaging.jar
8a92d000-8a932000 r-xs 0002e000 08:15 1459619    /home/david/usr/play-1.2.2/framework/lib/asm-all-3.3.1.jar
8a932000-8a935000 r-xs 00022000 08:15 1459649    /home/david/usr/play-1.2.2/framework/lib/jamon-2.7.jar
8a935000-8a93c000 r-xs 000b7000 08:15 1459666    /home/david/usr/play-1.2.2/framework/lib/mysql-connector-java-5.1.13.jar
8a93c000-8a93e000 r-xs 00001000 08:15 1459659    /home/david/usr/play-1.2.2/framework/lib/jsr107cache-1.0.jar
8a93e000-8a940000 r-xs 00005000 08:15 1459671    /home/david/usr/play-1.2.2/framework/lib/slf4j-api-1.6.1.jar
8a940000-8a942000 r-xs 00008000 08:15 1459670    /home/david/usr/play-1.2.2/framework/lib/signpost-core-1.2.jar
8a942000-8a944000 r-xs 00015000 08:15 1459654    /home/david/usr/play-1.2.2/framework/lib/jj-simplecaptcha.jar
8a944000-8a953000 r-xs 000d9000 08:15 1459648    /home/david/usr/play-1.2.2/framework/lib/ivy-2.2.0.jar
8a953000-8a959000 r-xs 00032000 08:15 1459652    /home/david/usr/play-1.2.2/framework/lib/jaxen-1.1.jar
8a959000-8a95c000 r-xs 0000f000 08:15 1459641    /home/david/usr/play-1.2.2/framework/lib/hibernate-commons-annotations-3.2.0.Final.jar
8a95c000-8a961000 r-xs 00041000 08:15 1459631    /home/david/usr/play-1.2.2/framework/lib/commons-lang-2.6.jar
8a961000-8a967000 r-xs 00038000 08:15 1459673    /home/david/usr/play-1.2.2/framework/lib/snakeyaml-1.7.jar
8a967000-8a969000 r-xs 0000e000 08:15 1459630    /home/david/usr/play-1.2.2/framework/lib/commons-javaflow-1066591.jar
8a969000-8a96f000 r-xs 00049000 08:15 1459620    /home/david/usr/play-1.2.2/framework/lib/async-http-client-1.6.3.jar
8a96f000-8a972000 r-xs 0000f000 08:15 1459636    /home/david/usr/play-1.2.2/framework/lib/geronimo-servlet_2.5_spec-1.2.jar
8a972000-8a974000 r-xs 00002000 08:15 1459660    /home/david/usr/play-1.2.2/framework/lib/jta-1.1.jar
8a974000-8a983000 r-xs 00074000 08:15 1459657    /home/david/usr/play-1.2.2/framework/lib/joda-time-1.6.jar
8a983000-8a989000 r-xs 00034000 08:15 1459661    /home/david/usr/play-1.2.2/framework/lib/junit-4.8.1.jar
8a989000-8a990000 r-xs 00059000 08:15 1459663    /home/david/usr/play-1.2.2/framework/lib/log4j-1.2.15.jar
8a990000-8a99a000 r-xs 0006f000 08:15 1459634    /home/david/usr/play-1.2.2/framework/lib/ehcache-core-2.0.0.jar
8a99a000-8a9a1000 r-xs 00049000 08:15 1459669    /home/david/usr/play-1.2.2/framework/lib/oval-1.50.jar
8a9a1000-8a9a9000 r-xs 0008a000 08:15 1459650    /home/david/usr/play-1.2.2/framework/lib/javassist-3.9.0.GA.jar
8a9a9000-8a9b4000 r-xs 0008b000 08:15 1459622    /home/david/usr/play-1.2.2/framework/lib/c3p0-0.9.1.2.jar
8a9b4000-8a9b6000 r-xs 0000c000 08:15 1459617    /home/david/usr/play-1.2.2/framework/lib/activation-1.1.1.jar
8a9b6000-8a9b8000 r-xs 0000d000 08:15 1459628    /home/david/usr/play-1.2.2/framework/lib/commons-fileupload-1.2.2.jar
8a9b8000-8a9ba000 r-xs 0000d000 08:15 1459632    /home/david/usr/play-1.2.2/framework/lib/commons-logging-1.1.1.jar
8a9ba000-8a9c8000 r-xs 0007f000 08:15 1459626    /home/david/usr/play-1.2.2/framework/lib/commons-collections-3.2.1.jar
8a9c8000-8a9ca000 r-xs 00015000 08:15 1459658    /home/david/usr/play-1.2.2/framework/lib/jregex-1.2_01.jar
8a9ca000-8a9ef000 r-xs 00172000 08:15 1459621    /home/david/usr/play-1.2.2/framework/lib/bcprov-jdk15-1.45.jar
8a9ef000-8a9f5000 r-xs 00067000 08:15 1459618    /home/david/usr/play-1.2.2/framework/lib/antlr-2.7.6.jar
8a9f5000-8aa00000 r-xs 00124000 08:15 1459639    /home/david/usr/play-1.2.2/framework/lib/h2-1.3.149.jar
8aa00000-8aafb000 rwxp 00000000 00:00 0 
8aafb000-8ab00000 ---p 00000000 00:00 0 
8ab01000-8ab03000 r-xs 0000b000 08:15 1459655    /home/david/usr/play-1.2.2/framework/lib/jj-textile.jar
8ab03000-8ab04000 r-xs 00007000 08:15 1459627    /home/david/usr/play-1.2.2/framework/lib/commons-email-1.2.jar
8ab04000-8ab0b000 r-xs 00038000 08:15 1459656    /home/david/usr/play-1.2.2/framework/lib/jj-wikitext.jar
8ab0b000-8ab0f000 r-xs 00027000 08:15 1459638    /home/david/usr/play-1.2.2/framework/lib/gson-1.7.1.jar
8ab0f000-8ab14000 r-xs 00034000 08:15 1459624    /home/david/usr/play-1.2.2/framework/lib/commons-beanutils-1.8.3.jar
8ab14000-8ab1f000 r-xs 0005a000 08:15 1459674    /home/david/usr/play-1.2.2/framework/lib/xstream-1.3.jar
8ab1f000-8ab73000 r-xs 00516000 08:15 1459637    /home/david/usr/play-1.2.2/framework/lib/groovy-all-1.7.7.jar
8ab73000-8ab82000 r-xs 000b2000 08:15 1459667    /home/david/usr/play-1.2.2/framework/lib/netty-3.2.4.Final.jar
8ab82000-8ab84000 r-xs 0000d000 08:15 1459625    /home/david/usr/play-1.2.2/framework/lib/commons-codec-1.4.jar
8ab84000-8ab8a000 r-xs 00049000 08:15 1459623    /home/david/usr/play-1.2.2/framework/lib/cglib-nodep-2.2.jar
8ab8a000-8ab91000 r-xs 0006a000 08:15 1459664    /home/david/usr/play-1.2.2/framework/lib/mail-1.4.3.jar
8ab91000-8ab94000 r-xs 00024000 08:15 1459629    /home/david/usr/play-1.2.2/framework/lib/commons-io-2.0.1.jar
8ab94000-8abc6000 r-xs 002c7000 08:15 1459643    /home/david/usr/play-1.2.2/framework/lib/hibernate-core-3.6.1.Final.jar
8abc6000-8abcb000 r-xs 00037000 08:15 1459665    /home/david/usr/play-1.2.2/framework/lib/memcached-2.4.2.jar
8abcb000-8abce000 r-xs 00011000 08:15 1459635    /home/david/usr/play-1.2.2/framework/lib/ezmorph-1.0.3.jar
8abce000-8abcf000 ---p 00000000 00:00 0 
8abcf000-8ac4f000 rwxp 00000000 00:00 0 
8ac4f000-8ac52000 ---p 00000000 00:00 0 
8ac52000-8aca0000 rwxp 00000000 00:00 0 
8aca0000-8aca3000 ---p 00000000 00:00 0 
8aca3000-8ad21000 rwxp 00000000 00:00 0 
8ad21000-8ad24000 ---p 00000000 00:00 0 
8ad24000-8ada2000 rwxp 00000000 00:00 0 
8ada2000-8ada5000 ---p 00000000 00:00 0 
8ada5000-8adf3000 rwxp 00000000 00:00 0 
8adf3000-8adf6000 ---p 00000000 00:00 0 
8adf6000-8ae44000 rwxp 00000000 00:00 0 
8ae44000-8ae47000 r-xp 00000000 08:15 419877     /usr/lib/jvm/java-6-openjdk/jre/lib/i386/libdt_socket.so
8ae47000-8ae48000 r-xp 00002000 08:15 419877     /usr/lib/jvm/java-6-openjdk/jre/lib/i386/libdt_socket.so
8ae48000-8ae49000 rwxp 00003000 08:15 419877     /usr/lib/jvm/java-6-openjdk/jre/lib/i386/libdt_socket.so
8ae49000-8ae4d000 r-xs 0007c000 08:15 402821     /usr/lib/jvm/java-6-openjdk/jre/lib/jsse.jar
8ae4d000-8ae50000 ---p 00000000 00:00 0 
8ae50000-8ae9e000 rwxp 00000000 00:00 0 
8ae9e000-8aea1000 ---p 00000000 00:00 0 
8aea1000-8aeef000 rwxp 00000000 00:00 0 
8aeef000-8aef0000 ---p 00000000 00:00 0 
8aef0000-8af70000 rwxp 00000000 00:00 0 
8af70000-8b100000 r-xs 037af000 08:15 419885     /usr/lib/jvm/java-6-openjdk/jre/lib/rt.jar
8b100000-8b1fe000 rwxp 00000000 00:00 0 
8b1fe000-8b200000 ---p 00000000 00:00 0 
8b200000-8b201000 r-xs 00002000 08:15 1459672    /home/david/usr/play-1.2.2/framework/lib/slf4j-log4j12-1.6.1.jar
8b201000-8b202000 r-xs 00000000 08:15 1459651    /home/david/usr/play-1.2.2/framework/lib/javax.inject-1.0.jar
8b202000-8b20e000 r-xs 000b7000 08:15 1459677    /home/david/usr/play-1.2.2/framework/play-1.2.2.jar
8b20e000-8b211000 ---p 00000000 00:00 0 
8b211000-8b292000 rwxp 00000000 00:00 0 
8b292000-8b293000 ---p 00000000 00:00 0 
8b293000-8b313000 rwxp 00000000 00:00 0 
8b313000-8b314000 ---p 00000000 00:00 0 
8b314000-8b3a6000 rwxp 00000000 00:00 0 
8b3a6000-8b3d4000 rwxp 00000000 00:00 0 
8b3d4000-8b3df000 rwxp 00000000 00:00 0 
8b3df000-8b47f000 rwxp 00000000 00:00 0 
8b47f000-8b491000 rwxp 00000000 00:00 0 
8b491000-8b4bf000 rwxp 00000000 00:00 0 
8b4bf000-8b4ca000 rwxp 00000000 00:00 0 
8b4ca000-8b569000 rwxp 00000000 00:00 0 
8b569000-8b585000 rwxp 00000000 00:00 0 
8b585000-8b58a000 ---p 00000000 00:00 0 
8b58a000-8b5bf000 rwxp 00000000 00:00 0 
8b5bf000-8d840000 rwxp 00000000 00:00 0 
8d840000-935c0000 rwxp 00000000 00:00 0 
935c0000-94ac0000 rwxp 00000000 00:00 0 
94ac0000-a8b20000 rwxp 00000000 00:00 0 
a8b20000-ac0d0000 rwxp 00000000 00:00 0 
ac0d0000-aca00000 ---p 00000000 00:00 0 
aca00000-b35c0000 rwxp 00000000 00:00 0 
b35c0000-b35c8000 r-xs 00066000 08:15 1181293    /usr/share/java/gnome-java-bridge.jar
b35c8000-b35da000 rwxp 00000000 00:00 0 
b35da000-b3688000 rwxp 00000000 00:00 0 
b3688000-b3ad8000 rwxp 00000000 00:00 0 
b3ad8000-b6688000 rwxp 00000000 00:00 0 
b6688000-b6692000 r-xp 00000000 08:15 554897     /lib/i386-linux-gnu/libnss_files-2.13.so
b6692000-b6693000 r-xp 00009000 08:15 554897     /lib/i386-linux-gnu/libnss_files-2.13.so
b6693000-b6694000 rwxp 0000a000 08:15 554897     /lib/i386-linux-gnu/libnss_files-2.13.so
b6694000-b669d000 r-xp 00000000 08:15 554884     /lib/i386-linux-gnu/libnss_nis-2.13.so
b669d000-b669e000 r-xp 00008000 08:15 554884     /lib/i386-linux-gnu/libnss_nis-2.13.so
b669e000-b669f000 rwxp 00009000 08:15 554884     /lib/i386-linux-gnu/libnss_nis-2.13.so
b669f000-b66a0000 rwxp 00000000 00:00 0 
b66a0000-b66a3000 r-xs 0000f000 08:15 403617     /usr/lib/jvm/java-6-openjdk/jre/lib/ext/pulse-java.jar
b66a3000-b66a9000 r-xp 00000000 08:15 419849     /usr/lib/jvm/java-6-openjdk/jre/lib/i386/libzip.so
b66a9000-b66aa000 r-xp 00005000 08:15 419849     /usr/lib/jvm/java-6-openjdk/jre/lib/i386/libzip.so
b66aa000-b66ab000 rwxp 00006000 08:15 419849     /usr/lib/jvm/java-6-openjdk/jre/lib/i386/libzip.so
b66ab000-b66b3000 rwxs 00000000 08:15 785982     /tmp/hsperfdata_david/4108
b66b3000-b68b3000 r-xp 00000000 08:15 393356     /usr/lib/locale/locale-archive
b68b3000-b68e9000 r-xp 00000000 08:15 419878     /usr/lib/jvm/java-6-openjdk/jre/lib/i386/libjdwp.so
b68e9000-b68ea000 r-xp 00035000 08:15 419878     /usr/lib/jvm/java-6-openjdk/jre/lib/i386/libjdwp.so
b68ea000-b68eb000 rwxp 00036000 08:15 419878     /usr/lib/jvm/java-6-openjdk/jre/lib/i386/libjdwp.so
b68eb000-b68fe000 r-xp 00000000 08:15 554881     /lib/i386-linux-gnu/libnsl-2.13.so
b68fe000-b68ff000 r-xp 00012000 08:15 554881     /lib/i386-linux-gnu/libnsl-2.13.so
b68ff000-b6900000 rwxp 00013000 08:15 554881     /lib/i386-linux-gnu/libnsl-2.13.so
b6900000-b6902000 rwxp 00000000 00:00 0 
b6902000-b6908000 r-xp 00000000 08:15 554885     /lib/i386-linux-gnu/libnss_compat-2.13.so
b6908000-b6909000 r-xp 00005000 08:15 554885     /lib/i386-linux-gnu/libnss_compat-2.13.so
b6909000-b690a000 rwxp 00006000 08:15 554885     /lib/i386-linux-gnu/libnss_compat-2.13.so
b690a000-b690b000 r-xp 002a5000 08:15 393356     /usr/lib/locale/locale-archive
b690b000-b6914000 r-xp 00000000 08:15 419876     /usr/lib/jvm/java-6-openjdk/jre/lib/i386/libinstrument.so
b6914000-b6915000 r-xp 00008000 08:15 419876     /usr/lib/jvm/java-6-openjdk/jre/lib/i386/libinstrument.so
b6915000-b6916000 rwxp 00009000 08:15 419876     /usr/lib/jvm/java-6-openjdk/jre/lib/i386/libinstrument.so
b6916000-b6939000 r-xp 00000000 08:15 419844     /usr/lib/jvm/java-6-openjdk/jre/lib/i386/libjava.so
b6939000-b693a000 r-xp 00022000 08:15 419844     /usr/lib/jvm/java-6-openjdk/jre/lib/i386/libjava.so
b693a000-b693c000 rwxp 00023000 08:15 419844     /usr/lib/jvm/java-6-openjdk/jre/lib/i386/libjava.so
b693c000-b6943000 r-xp 00000000 08:15 554878     /lib/i386-linux-gnu/librt-2.13.so
b6943000-b6944000 r-xp 00006000 08:15 554878     /lib/i386-linux-gnu/librt-2.13.so
b6944000-b6945000 rwxp 00007000 08:15 554878     /lib/i386-linux-gnu/librt-2.13.so
b6945000-b6948000 ---p 00000000 00:00 0 
b6948000-b6996000 rwxp 00000000 00:00 0 
b6996000-b69b0000 r-xp 00000000 08:15 523835     /lib/i386-linux-gnu/libgcc_s.so.1
b69b0000-b69b1000 r-xp 00019000 08:15 523835     /lib/i386-linux-gnu/libgcc_s.so.1
b69b1000-b69b2000 rwxp 0001a000 08:15 523835     /lib/i386-linux-gnu/libgcc_s.so.1
b69b2000-b69d6000 r-xp 00000000 08:15 554894     /lib/i386-linux-gnu/libm-2.13.so
b69d6000-b69d7000 r-xp 00023000 08:15 554894     /lib/i386-linux-gnu/libm-2.13.so
b69d7000-b69d8000 rwxp 00024000 08:15 554894     /lib/i386-linux-gnu/libm-2.13.so
b69d8000-b6ab7000 r-xp 00000000 08:15 523836     /usr/lib/i386-linux-gnu/libstdc++.so.6.0.14
b6ab7000-b6abb000 r-xp 000de000 08:15 523836     /usr/lib/i386-linux-gnu/libstdc++.so.6.0.14
b6abb000-b6abc000 rwxp 000e2000 08:15 523836     /usr/lib/i386-linux-gnu/libstdc++.so.6.0.14
b6abc000-b6ac3000 rwxp 00000000 00:00 0 
b6ac3000-b7189000 r-xp 00000000 08:15 419863     /usr/lib/jvm/java-6-openjdk/jre/lib/i386/server/libjvm.so
b7189000-b718a000 ---p 006c6000 08:15 419863     /usr/lib/jvm/java-6-openjdk/jre/lib/i386/server/libjvm.so
b718a000-b71cf000 r-xp 006c6000 08:15 419863     /usr/lib/jvm/java-6-openjdk/jre/lib/i386/server/libjvm.so
b71cf000-b71de000 rwxp 0070b000 08:15 419863     /usr/lib/jvm/java-6-openjdk/jre/lib/i386/server/libjvm.so
b71de000-b75fa000 rwxp 00000000 00:00 0 
b75fa000-b7754000 r-xp 00000000 08:15 554876     /lib/i386-linux-gnu/libc-2.13.so
b7754000-b7755000 ---p 0015a000 08:15 554876     /lib/i386-linux-gnu/libc-2.13.so
b7755000-b7757000 r-xp 0015a000 08:15 554876     /lib/i386-linux-gnu/libc-2.13.so
b7757000-b7758000 rwxp 0015c000 08:15 554876     /lib/i386-linux-gnu/libc-2.13.so
b7758000-b775b000 rwxp 00000000 00:00 0 
b775b000-b775d000 r-xp 00000000 08:15 554892     /lib/i386-linux-gnu/libdl-2.13.so
b775d000-b775e000 r-xp 00001000 08:15 554892     /lib/i386-linux-gnu/libdl-2.13.so
b775e000-b775f000 rwxp 00002000 08:15 554892     /lib/i386-linux-gnu/libdl-2.13.so
b775f000-b7762000 r-xp 00000000 08:15 419853     /usr/lib/jvm/java-6-openjdk/jre/lib/i386/jli/libjli.so
b7762000-b7763000 r-xp 00002000 08:15 419853     /usr/lib/jvm/java-6-openjdk/jre/lib/i386/jli/libjli.so
b7763000-b7764000 rwxp 00003000 08:15 419853     /usr/lib/jvm/java-6-openjdk/jre/lib/i386/jli/libjli.so
b7764000-b7779000 r-xp 00000000 08:15 554890     /lib/i386-linux-gnu/libpthread-2.13.so
b7779000-b777a000 r-xp 00015000 08:15 554890     /lib/i386-linux-gnu/libpthread-2.13.so
b777a000-b777b000 rwxp 00016000 08:15 554890     /lib/i386-linux-gnu/libpthread-2.13.so
b777b000-b777e000 rwxp 00000000 00:00 0 
b777e000-b7791000 r-xp 00000000 08:15 529846     /lib/i386-linux-gnu/libz.so.1.2.3.4
b7791000-b7792000 r-xp 00012000 08:15 529846     /lib/i386-linux-gnu/libz.so.1.2.3.4
b7792000-b7793000 rwxp 00013000 08:15 529846     /lib/i386-linux-gnu/libz.so.1.2.3.4
b7793000-b7795000 r-xp 00000000 08:15 419843     /usr/lib/jvm/java-6-openjdk/jre/lib/i386/libnpt.so
b7795000-b7796000 r-xp 00002000 08:15 419843     /usr/lib/jvm/java-6-openjdk/jre/lib/i386/libnpt.so
b7796000-b7797000 rwxp 00003000 08:15 419843     /usr/lib/jvm/java-6-openjdk/jre/lib/i386/libnpt.so
b7797000-b7798000 rwxp 00000000 00:00 0 
b7798000-b7799000 r-xp 00000000 00:00 0 
b7799000-b77a4000 r-xp 00000000 08:15 419872     /usr/lib/jvm/java-6-openjdk/jre/lib/i386/libverify.so
b77a4000-b77a5000 ---p 0000b000 08:15 419872     /usr/lib/jvm/java-6-openjdk/jre/lib/i386/libverify.so
b77a5000-b77a6000 r-xp 0000b000 08:15 419872     /usr/lib/jvm/java-6-openjdk/jre/lib/i386/libverify.so
b77a6000-b77a7000 rwxp 0000c000 08:15 419872     /usr/lib/jvm/java-6-openjdk/jre/lib/i386/libverify.so
b77a7000-b77a9000 rwxp 00000000 00:00 0 
b77a9000-b77aa000 r-xp 00000000 00:00 0          [vdso]
b77aa000-b77c6000 r-xp 00000000 08:15 554895     /lib/i386-linux-gnu/ld-2.13.so
b77c6000-b77c7000 r-xp 0001b000 08:15 554895     /lib/i386-linux-gnu/ld-2.13.so
b77c7000-b77c8000 rwxp 0001c000 08:15 554895     /lib/i386-linux-gnu/ld-2.13.so
bfbd8000-bfbfa000 rw-p 00000000 00:00 0          [stack]

VM Arguments:
jvm_args: -Xdebug -Xrunjdwp:transport=dt_socket,address=0,server=y,suspend=n -Dplay.debug=yes -Dplay.id= -Dapplication.path=/home/david/Dropbox/code/eclipse/workspace/madoff -Djava.endorsed.dirs=/home/david/usr/play-1.2.2/framework/endorsed -javaagent:/home/david/usr/play-1.2.2/framework/play-1.2.2.jar -Dfile.encoding=UTF-8 
java_command: play.server.Server
Launcher Type: SUN_STANDARD

Environment Variables:
PATH=/home/david/bin:/usr/local/sbin:/usr/local/bin:/usr/sbin:/usr/bin:/sbin:/bin:/usr/games
USERNAME=david
LD_LIBRARY_PATH=/usr/lib/jvm/java-6-openjdk/jre/lib/i386/server:/usr/lib/jvm/java-6-openjdk/jre/lib/i386:/usr/lib/jvm/java-6-openjdk/jre/../lib/i386:/usr/lib/jvm/java-6-openjdk/jre/lib/i386/client:/usr/lib/jvm/java-6-openjdk/jre/lib/i386:/usr/lib/xulrunner-1.9.2.17:/usr/lib/xulrunner-1.9.2.17
SHELL=/bin/zsh
DISPLAY=:0

Signal Handlers:
SIGSEGV: [libjvm.so+0x656ef0], sa_mask[0]=0x7ffbfeff, sa_flags=0x10000004
SIGBUS: [libjvm.so+0x656ef0], sa_mask[0]=0x7ffbfeff, sa_flags=0x10000004
SIGFPE: [libjvm.so+0x51d410], sa_mask[0]=0x7ffbfeff, sa_flags=0x10000004
SIGPIPE: [libjvm.so+0x51d410], sa_mask[0]=0x7ffbfeff, sa_flags=0x10000004
SIGXFSZ: [libjvm.so+0x51d410], sa_mask[0]=0x7ffbfeff, sa_flags=0x10000004
SIGILL: [libjvm.so+0x51d410], sa_mask[0]=0x7ffbfeff, sa_flags=0x10000004
SIGUSR1: SIG_DFL, sa_mask[0]=0x00000000, sa_flags=0x00000000
SIGUSR2: [libjvm.so+0x51d280], sa_mask[0]=0x00000004, sa_flags=0x10000004
SIGHUP: [libjvm.so+0x520070], sa_mask[0]=0x7ffbfeff, sa_flags=0x10000004
SIGINT: [libjvm.so+0x520070], sa_mask[0]=0x7ffbfeff, sa_flags=0x10000004
SIGTERM: [libjvm.so+0x520070], sa_mask[0]=0x7ffbfeff, sa_flags=0x10000004
SIGQUIT: [libjvm.so+0x520070], sa_mask[0]=0x7ffbfeff, sa_flags=0x10000004


---------------  S Y S T E M  ---------------

OS:Ubuntu 11.04 (natty)
uname:Linux 2.6.38-10-generic #46-Ubuntu SMP Tue Jun 28 15:05:41 UTC 2011 i686
libc:glibc 2.13 NPTL 2.13 
rlimit: STACK 8192k, CORE 0k, NPROC infinity, NOFILE 4096, AS infinity
load average:0.80 0.50 0.29

/proc/meminfo:
MemTotal:        2059208 kB
MemFree:          168024 kB
Buffers:          158484 kB
Cached:           266504 kB
SwapCached:        12044 kB
Active:          1197696 kB
Inactive:         559192 kB
Active(anon):     996772 kB
Inactive(anon):   350236 kB
Active(file):     200924 kB
Inactive(file):   208956 kB
Unevictable:          32 kB
Mlocked:              32 kB
HighTotal:       1186696 kB
HighFree:           1692 kB
LowTotal:         872512 kB
LowFree:          166332 kB
SwapTotal:       1145852 kB
SwapFree:        1085100 kB
Dirty:               436 kB
Writeback:             4 kB
AnonPages:       1320228 kB
Mapped:           125048 kB
Shmem:             15108 kB
Slab:              61272 kB
SReclaimable:      31476 kB
SUnreclaim:        29796 kB
KernelStack:        3560 kB
PageTables:        11464 kB
NFS_Unstable:          0 kB
Bounce:                0 kB
WritebackTmp:          0 kB
CommitLimit:     2175456 kB
Committed_AS:    4399028 kB
VmallocTotal:     122880 kB
VmallocUsed:       74916 kB
VmallocChunk:      41980 kB
HardwareCorrupted:     0 kB
HugePages_Total:       0
HugePages_Free:        0
HugePages_Rsvd:        0
HugePages_Surp:        0
Hugepagesize:       4096 kB
DirectMap4k:       65528 kB
DirectMap4M:      843776 kB


CPU:total 2 (2 cores per cpu, 1 threads per core) family 6 model 15 stepping 11, cmov, cx8, fxsr, mmx, sse, sse2, sse3, ssse3

Memory: 4k page, physical 2059208k(168024k free), swap 1145852k(1085100k free)

vm_info: OpenJDK Server VM (20.0-b11) for linux-x86 JRE (1.6.0_22-b22), built on Jun 11 2011 05:56:20 by "buildd" with gcc 4.5.2

time: Thu Jul 28 01:20:27 2011
elapsed time: 160 seconds

